Arguments: 
  /opt/homebrew/Cellar/node/18.9.0/bin/node /opt/homebrew/bin/yarn storybook

PATH: 
  /Users/mark/.local/bin:/Users/mark/.cabal/bin:/Users/mark/.nix-profile/bin:/nix/var/nix/profiles/default/bin:/opt/homebrew/opt/openjdk/bin:/Users/mark/Downloads/clang+llvm-15.0.0-rc1-arm64-apple-darwin21.0/bin:/Users/mark/code/DownOnSpot:/Users/mark/.cargo/bin:/Users/mark/.local/bin:/opt/homebrew/sbin:/opt/homebrew/bin:/Users/mark/.yarn/bin:/usr/local/bin:/System/Cryptexes/App/usr/bin:/usr/bin:/bin:/usr/sbin:/sbin:/Library/Apple/usr/bin:/Applications/Little Snitch.app/Contents/Components:/Users/mark/.cabal/bin:/Users/mark/.nix-profile/bin:/nix/var/nix/profiles/default/bin:/Users/mark/.ghcup/bin:/Users/mark/.ghcup/bin

Yarn version: 
  1.22.10

Node version: 
  18.9.0

Platform: 
  darwin arm64

Trace: 
  SyntaxError: /Users/mark/code/purescript-react-basic-storybook/example/package.json: Unexpected token } in JSON at position 183
      at JSON.parse (<anonymous>)
      at /opt/homebrew/lib/node_modules/yarn/lib/cli.js:1625:59
      at Generator.next (<anonymous>)
      at step (/opt/homebrew/lib/node_modules/yarn/lib/cli.js:310:30)
      at /opt/homebrew/lib/node_modules/yarn/lib/cli.js:321:13

npm manifest: 
  {
    "name": "react-basic-storybook-example",
    "version": "1.0.0",
    "main": "index.js",
    "license": "MIT",
    "dependencies": {
      "react": "^18.2.0",
      "react-dom": "^18.2.0",
    },
    "devDependencies": {
      "storybook": "^7.0.0-alpha.45",
      "@storybook/react-webpack5": "^7.0.0-alpha.45",
    },
    "scripts": {
      "storybook": "storybook dev -p 6006",
      "build-storybook": "storybook build"
    }
  }

yarn manifest: 
  No manifest

Lockfile: 
  No lockfile
